<?xml version="1.0" encoding="UTF-8"?>
<!-- Generated by org.testng.reporters.JUnitXMLReporter -->
<testsuite hostname="CMDMITTRN1" name="Default test" tests="3" failures="0" timestamp="28 Nov 2016 09:13:16 GMT" time="42.795" errors="0">
  <testcase name="verifyAddSocketSubmission" time="1.632" classname="com.glance.datamanagement.tests.VerifyAddSocketDetailsPage"/>
  <testcase name="verifyAddSocketCancel" time="0.806" classname="com.glance.datamanagement.tests.VerifyAddSocketDetailsPage"/>
  <testcase name="verifyAuthentication" time="31.403" classname="com.glance.datamanagement.tests.VerifyAddSocketDetailsPage"/>
</testsuite> <!-- Default test -->
