<?xml version="1.0" encoding="UTF-8"?>
<!-- Generated by org.testng.reporters.JUnitXMLReporter -->
<testsuite hostname="CMDMITTRN9" name="Default test" tests="8" failures="1" timestamp="2 Dec 2016 11:51:09 GMT" time="94.132" errors="0">
  <testcase name="@BeforeMethod testLogin" time="0.0" classname="com.glance.dashboard.tests.VerifyDeleteSearchResults">
    <failure type="org.openqa.selenium.WebDriverException" message="chrome not reachable
  (Session info: chrome=54.0.2840.99)
  (Driver info: chromedriver=2.25.426923 (0390b88869384d6eb0d5d09729679f934aab9eed),platform=Windows NT 6.1.7601 SP1 x86_64) (WARNING: The server did not provide any stacktrace information)
Command duration or timeout: 7.01 seconds
Build info: version: &amp;apos;2.53.1&amp;apos;, revision: &amp;apos;a36b8b1cd5757287168e54b817830adce9b0158d&amp;apos;, time: &amp;apos;2016-06-30 19:26:09&amp;apos;
System info: host: &amp;apos;CMDMITTRN9&amp;apos;, ip: &amp;apos;172.28.32.101&amp;apos;, os.name: &amp;apos;Windows 7&amp;apos;, os.arch: &amp;apos;amd64&amp;apos;, os.version: &amp;apos;6.1&amp;apos;, java.version: &amp;apos;1.7.0_67&amp;apos;
*** Element info: {Using=xpath, value=//div[@class=&amp;apos;x_title&amp;apos;]/h2}
Session ID: 7deac0dc79631182b04b14394647642f
Driver info: org.openqa.selenium.chrome.ChromeDriver
Capabilities [{platform=XP, acceptSslCerts=true, javascriptEnabled=true, browserName=chrome, chrome={userDataDir=C:\Users\SDSMAD~1\AppData\Local\Temp\scoped_dir6824_12217, chromedriverVersion=2.25.426923 (0390b88869384d6eb0d5d09729679f934aab9eed)}, networkConnectionEnabled=false, rotatable=false, locationContextEnabled=true, mobileEmulationEnabled=false, version=54.0.2840.99, pageLoadStrategy=normal, takesHeapSnapshot=true, cssSelectorsEnabled=true, databaseEnabled=false, handlesAlerts=true, browserConnectionEnabled=false, webStorageEnabled=true, nativeEvents=true, hasTouchScreen=false, applicationCacheEnabled=false, takesScreenshot=true}]">
      <![CDATA[org.openqa.selenium.WebDriverException: chrome not reachable
  (Session info: chrome=54.0.2840.99)
  (Driver info: chromedriver=2.25.426923 (0390b88869384d6eb0d5d09729679f934aab9eed),platform=Windows NT 6.1.7601 SP1 x86_64) (WARNING: The server did not provide any stacktrace information)
Command duration or timeout: 7.01 seconds
Build info: version: '2.53.1', revision: 'a36b8b1cd5757287168e54b817830adce9b0158d', time: '2016-06-30 19:26:09'
System info: host: 'CMDMITTRN9', ip: '172.28.32.101', os.name: 'Windows 7', os.arch: 'amd64', os.version: '6.1', java.version: '1.7.0_67'
*** Element info: {Using=xpath, value=//div[@class='x_title']/h2}
Session ID: 7deac0dc79631182b04b14394647642f
Driver info: org.openqa.selenium.chrome.ChromeDriver
Capabilities [{platform=XP, acceptSslCerts=true, javascriptEnabled=true, browserName=chrome, chrome={userDataDir=C:\Users\SDSMAD~1\AppData\Local\Temp\scoped_dir6824_12217, chromedriverVersion=2.25.426923 (0390b88869384d6eb0d5d09729679f934aab9eed)}, networkConnectionEnabled=false, rotatable=false, locationContextEnabled=true, mobileEmulationEnabled=false, version=54.0.2840.99, pageLoadStrategy=normal, takesHeapSnapshot=true, cssSelectorsEnabled=true, databaseEnabled=false, handlesAlerts=true, browserConnectionEnabled=false, webStorageEnabled=true, nativeEvents=true, hasTouchScreen=false, applicationCacheEnabled=false, takesScreenshot=true}]
	at sun.reflect.NativeConstructorAccessorImpl.newInstance0(Native Method)
	at sun.reflect.NativeConstructorAccessorImpl.newInstance(NativeConstructorAccessorImpl.java:57)
	at sun.reflect.DelegatingConstructorAccessorImpl.newInstance(DelegatingConstructorAccessorImpl.java:45)
	at java.lang.reflect.Constructor.newInstance(Constructor.java:526)
	at org.openqa.selenium.remote.ErrorHandler.createThrowable(ErrorHandler.java:206)
	at org.openqa.selenium.remote.ErrorHandler.throwIfResponseFailed(ErrorHandler.java:158)
	at org.openqa.selenium.remote.RemoteWebDriver.execute(RemoteWebDriver.java:678)
	at org.openqa.selenium.remote.RemoteWebDriver.findElement(RemoteWebDriver.java:363)
	at org.openqa.selenium.remote.RemoteWebDriver.findElementByXPath(RemoteWebDriver.java:500)
	at org.openqa.selenium.By$ByXPath.findElement(By.java:361)
	at org.openqa.selenium.remote.RemoteWebDriver.findElement(RemoteWebDriver.java:355)
	at org.openqa.selenium.support.pagefactory.DefaultElementLocator.findElement(DefaultElementLocator.java:69)
	at org.openqa.selenium.support.pagefactory.internal.LocatingElementHandler.invoke(LocatingElementHandler.java:38)
	at com.sun.proxy.$Proxy11.getText(Unknown Source)
	at com.glance.pageobjects.dashboard.DeleteSearchPage.getPageName(DeleteSearchPage.java:78)
	at com.glance.dashboard.tests.VerifyDeleteSearchResults.testLogin(VerifyDeleteSearchResults.java:43)
	at sun.reflect.NativeMethodAccessorImpl.invoke0(Native Method)
	at sun.reflect.NativeMethodAccessorImpl.invoke(NativeMethodAccessorImpl.java:57)
	at sun.reflect.DelegatingMethodAccessorImpl.invoke(DelegatingMethodAccessorImpl.java:43)
	at java.lang.reflect.Method.invoke(Method.java:606)
	at org.testng.internal.MethodInvocationHelper.invokeMethod(MethodInvocationHelper.java:100)
	at org.testng.internal.Invoker.invokeConfigurationMethod(Invoker.java:515)
	at org.testng.internal.Invoker.invokeConfigurations(Invoker.java:216)
	at org.testng.internal.Invoker.invokeMethod(Invoker.java:590)
	at org.testng.internal.Invoker.invokeTestMethod(Invoker.java:811)
	at org.testng.internal.Invoker.invokeTestMethods(Invoker.java:1137)
	at org.testng.internal.TestMethodWorker.invokeTestMethods(TestMethodWorker.java:129)
	at org.testng.internal.TestMethodWorker.run(TestMethodWorker.java:112)
	at org.testng.TestRunner.privateRun(TestRunner.java:753)
	at org.testng.TestRunner.run(TestRunner.java:607)
	at org.testng.SuiteRunner.runTest(SuiteRunner.java:368)
	at org.testng.SuiteRunner.runSequentially(SuiteRunner.java:363)
	at org.testng.SuiteRunner.privateRun(SuiteRunner.java:321)
	at org.testng.SuiteRunner.run(SuiteRunner.java:270)
	at org.testng.SuiteRunnerWorker.runSuite(SuiteRunnerWorker.java:52)
	at org.testng.SuiteRunnerWorker.run(SuiteRunnerWorker.java:86)
	at org.testng.TestNG.runSuitesSequentially(TestNG.java:1284)
	at org.testng.TestNG.runSuitesLocally(TestNG.java:1209)
	at org.testng.TestNG.runSuites(TestNG.java:1124)
	at org.testng.TestNG.run(TestNG.java:1096)
	at org.testng.remote.AbstractRemoteTestNG.run(AbstractRemoteTestNG.java:132)
	at org.testng.remote.RemoteTestNG.initAndRun(RemoteTestNG.java:236)
	at org.testng.remote.RemoteTestNG.main(RemoteTestNG.java:81)
]]>
    </failure>
  </testcase> <!-- @BeforeMethod testLogin -->
  <testcase name="@AfterMethod testLogout" time="0.0" classname="com.glance.dashboard.tests.VerifyDeleteSearchResults">
    <skipped/>
  </testcase> <!-- @AfterMethod testLogout -->
  <testcase name="@BeforeMethod testLogin" time="0.0" classname="com.glance.dashboard.tests.VerifyDeleteSearchResults">
    <skipped/>
  </testcase> <!-- @BeforeMethod testLogin -->
  <testcase name="@AfterMethod testLogout" time="0.0" classname="com.glance.dashboard.tests.VerifyDeleteSearchResults">
    <skipped/>
  </testcase> <!-- @AfterMethod testLogout -->
  <testcase name="@BeforeMethod testLogin" time="0.0" classname="com.glance.dashboard.tests.VerifyDeleteSearchResults">
    <skipped/>
  </testcase> <!-- @BeforeMethod testLogin -->
  <testcase name="@AfterMethod testLogout" time="0.0" classname="com.glance.dashboard.tests.VerifyDeleteSearchResults">
    <skipped/>
  </testcase> <!-- @AfterMethod testLogout -->
  <testcase name="@BeforeMethod testLogin" time="0.0" classname="com.glance.dashboard.tests.VerifyDeleteSearchResults">
    <skipped/>
  </testcase> <!-- @BeforeMethod testLogin -->
  <testcase name="@AfterMethod testLogout" time="0.0" classname="com.glance.dashboard.tests.VerifyDeleteSearchResults">
    <skipped/>
  </testcase> <!-- @AfterMethod testLogout -->
  <testcase name="@BeforeMethod testLogin" time="0.0" classname="com.glance.dashboard.tests.VerifyDeleteSearchResults">
    <skipped/>
  </testcase> <!-- @BeforeMethod testLogin -->
  <testcase name="@AfterMethod testLogout" time="0.0" classname="com.glance.dashboard.tests.VerifyDeleteSearchResults">
    <skipped/>
  </testcase> <!-- @AfterMethod testLogout -->
  <testcase name="@BeforeMethod testLogin" time="0.0" classname="com.glance.dashboard.tests.VerifyDeleteSearchResults">
    <skipped/>
  </testcase> <!-- @BeforeMethod testLogin -->
  <testcase name="@AfterMethod testLogout" time="0.0" classname="com.glance.dashboard.tests.VerifyDeleteSearchResults">
    <skipped/>
  </testcase> <!-- @AfterMethod testLogout -->
  <testcase name="NavigatetoDeleteSearchResultpage" time="0.167" classname="com.glance.dashboard.tests.VerifyDeleteSearchResults"/>
  <testcase name="DeleteSearchrecordInparticularsearchentryandinparticularpage" time="39.46" classname="com.glance.dashboard.tests.VerifyDeleteSearchResults">
    <failure type="org.openqa.selenium.WebDriverException" message="chrome not reachable
  (Session info: chrome=54.0.2840.99)
  (Driver info: chromedriver=2.25.426923 (0390b88869384d6eb0d5d09729679f934aab9eed),platform=Windows NT 6.1.7601 SP1 x86_64) (WARNING: The server did not provide any stacktrace information)
Command duration or timeout: 7.02 seconds
Build info: version: &amp;apos;2.53.1&amp;apos;, revision: &amp;apos;a36b8b1cd5757287168e54b817830adce9b0158d&amp;apos;, time: &amp;apos;2016-06-30 19:26:09&amp;apos;
System info: host: &amp;apos;CMDMITTRN9&amp;apos;, ip: &amp;apos;172.28.32.101&amp;apos;, os.name: &amp;apos;Windows 7&amp;apos;, os.arch: &amp;apos;amd64&amp;apos;, os.version: &amp;apos;6.1&amp;apos;, java.version: &amp;apos;1.7.0_67&amp;apos;
*** Element info: {Using=xpath, value=//div[@class=&amp;apos;jconfirm-box&amp;apos;]/div[@class=&amp;apos;title-c&amp;apos;]/span[@class=&amp;apos;title&amp;apos;]}
Session ID: 7deac0dc79631182b04b14394647642f
Driver info: org.openqa.selenium.chrome.ChromeDriver
Capabilities [{platform=XP, acceptSslCerts=true, javascriptEnabled=true, browserName=chrome, chrome={userDataDir=C:\Users\SDSMAD~1\AppData\Local\Temp\scoped_dir6824_12217, chromedriverVersion=2.25.426923 (0390b88869384d6eb0d5d09729679f934aab9eed)}, networkConnectionEnabled=false, rotatable=false, locationContextEnabled=true, mobileEmulationEnabled=false, version=54.0.2840.99, pageLoadStrategy=normal, takesHeapSnapshot=true, cssSelectorsEnabled=true, databaseEnabled=false, handlesAlerts=true, browserConnectionEnabled=false, webStorageEnabled=true, nativeEvents=true, hasTouchScreen=false, applicationCacheEnabled=false, takesScreenshot=true}]">
      <![CDATA[org.openqa.selenium.WebDriverException: chrome not reachable
  (Session info: chrome=54.0.2840.99)
  (Driver info: chromedriver=2.25.426923 (0390b88869384d6eb0d5d09729679f934aab9eed),platform=Windows NT 6.1.7601 SP1 x86_64) (WARNING: The server did not provide any stacktrace information)
Command duration or timeout: 7.02 seconds
Build info: version: '2.53.1', revision: 'a36b8b1cd5757287168e54b817830adce9b0158d', time: '2016-06-30 19:26:09'
System info: host: 'CMDMITTRN9', ip: '172.28.32.101', os.name: 'Windows 7', os.arch: 'amd64', os.version: '6.1', java.version: '1.7.0_67'
*** Element info: {Using=xpath, value=//div[@class='jconfirm-box']/div[@class='title-c']/span[@class='title']}
Session ID: 7deac0dc79631182b04b14394647642f
Driver info: org.openqa.selenium.chrome.ChromeDriver
Capabilities [{platform=XP, acceptSslCerts=true, javascriptEnabled=true, browserName=chrome, chrome={userDataDir=C:\Users\SDSMAD~1\AppData\Local\Temp\scoped_dir6824_12217, chromedriverVersion=2.25.426923 (0390b88869384d6eb0d5d09729679f934aab9eed)}, networkConnectionEnabled=false, rotatable=false, locationContextEnabled=true, mobileEmulationEnabled=false, version=54.0.2840.99, pageLoadStrategy=normal, takesHeapSnapshot=true, cssSelectorsEnabled=true, databaseEnabled=false, handlesAlerts=true, browserConnectionEnabled=false, webStorageEnabled=true, nativeEvents=true, hasTouchScreen=false, applicationCacheEnabled=false, takesScreenshot=true}]
	at sun.reflect.NativeConstructorAccessorImpl.newInstance0(Native Method)
	at sun.reflect.NativeConstructorAccessorImpl.newInstance(NativeConstructorAccessorImpl.java:57)
	at sun.reflect.DelegatingConstructorAccessorImpl.newInstance(DelegatingConstructorAccessorImpl.java:45)
	at java.lang.reflect.Constructor.newInstance(Constructor.java:526)
	at org.openqa.selenium.remote.ErrorHandler.createThrowable(ErrorHandler.java:206)
	at org.openqa.selenium.remote.ErrorHandler.throwIfResponseFailed(ErrorHandler.java:158)
	at org.openqa.selenium.remote.RemoteWebDriver.execute(RemoteWebDriver.java:678)
	at org.openqa.selenium.remote.RemoteWebDriver.findElement(RemoteWebDriver.java:363)
	at org.openqa.selenium.remote.RemoteWebDriver.findElementByXPath(RemoteWebDriver.java:500)
	at org.openqa.selenium.By$ByXPath.findElement(By.java:361)
	at org.openqa.selenium.remote.RemoteWebDriver.findElement(RemoteWebDriver.java:355)
	at org.openqa.selenium.support.pagefactory.DefaultElementLocator.findElement(DefaultElementLocator.java:69)
	at org.openqa.selenium.support.pagefactory.internal.LocatingElementHandler.invoke(LocatingElementHandler.java:38)
	at com.sun.proxy.$Proxy11.getText(Unknown Source)
	at com.glance.pageobjects.dashboard.DeleteSearchRecordPage.verifyDelete(DeleteSearchRecordPage.java:241)
	at com.glance.dashboard.tests.VerifyDeleteSearchResults.DeleteSearchrecordInparticularsearchentryandinparticularpage(VerifyDeleteSearchResults.java:79)
	at sun.reflect.NativeMethodAccessorImpl.invoke0(Native Method)
	at sun.reflect.NativeMethodAccessorImpl.invoke(NativeMethodAccessorImpl.java:57)
	at sun.reflect.DelegatingMethodAccessorImpl.invoke(DelegatingMethodAccessorImpl.java:43)
	at java.lang.reflect.Method.invoke(Method.java:606)
	at org.testng.internal.MethodInvocationHelper.invokeMethod(MethodInvocationHelper.java:100)
	at org.testng.internal.Invoker.invokeMethod(Invoker.java:646)
	at org.testng.internal.Invoker.invokeTestMethod(Invoker.java:811)
	at org.testng.internal.Invoker.invokeTestMethods(Invoker.java:1137)
	at org.testng.internal.TestMethodWorker.invokeTestMethods(TestMethodWorker.java:129)
	at org.testng.internal.TestMethodWorker.run(TestMethodWorker.java:112)
	at org.testng.TestRunner.privateRun(TestRunner.java:753)
	at org.testng.TestRunner.run(TestRunner.java:607)
	at org.testng.SuiteRunner.runTest(SuiteRunner.java:368)
	at org.testng.SuiteRunner.runSequentially(SuiteRunner.java:363)
	at org.testng.SuiteRunner.privateRun(SuiteRunner.java:321)
	at org.testng.SuiteRunner.run(SuiteRunner.java:270)
	at org.testng.SuiteRunnerWorker.runSuite(SuiteRunnerWorker.java:52)
	at org.testng.SuiteRunnerWorker.run(SuiteRunnerWorker.java:86)
	at org.testng.TestNG.runSuitesSequentially(TestNG.java:1284)
	at org.testng.TestNG.runSuitesLocally(TestNG.java:1209)
	at org.testng.TestNG.runSuites(TestNG.java:1124)
	at org.testng.TestNG.run(TestNG.java:1096)
	at org.testng.remote.AbstractRemoteTestNG.run(AbstractRemoteTestNG.java:132)
	at org.testng.remote.RemoteTestNG.initAndRun(RemoteTestNG.java:236)
	at org.testng.remote.RemoteTestNG.main(RemoteTestNG.java:81)
]]>
    </failure>
  </testcase> <!-- DeleteSearchrecordInparticularsearchentryandinparticularpage -->
  <testcase name="deleteSearchResultPageDeleteCancel" time="0.002" classname="com.glance.dashboard.tests.VerifyDeleteSearchResults">
    <skipped/>
  </testcase> <!-- deleteSearchResultPageDeleteCancel -->
  <testcase name="deleteSearchResultPageDeleteFailed" time="0.002" classname="com.glance.dashboard.tests.VerifyDeleteSearchResults">
    <skipped/>
  </testcase> <!-- deleteSearchResultPageDeleteFailed -->
  <testcase name="deleteSearchResultPageShowEntryAndPAgeNavigation" time="0.001" classname="com.glance.dashboard.tests.VerifyDeleteSearchResults">
    <skipped/>
  </testcase> <!-- deleteSearchResultPageShowEntryAndPAgeNavigation -->
  <testcase name="deleteSearchResultPageEnterSearch" time="0.001" classname="com.glance.dashboard.tests.VerifyDeleteSearchResults">
    <skipped/>
  </testcase> <!-- deleteSearchResultPageEnterSearch -->
  <testcase name="deleteSearchResultPageAllPageNavigation" time="0.001" classname="com.glance.dashboard.tests.VerifyDeleteSearchResults">
    <skipped/>
  </testcase> <!-- deleteSearchResultPageAllPageNavigation -->
  <testcase name="deleteSearchResultPageMiddlePageNavigation" time="0.002" classname="com.glance.dashboard.tests.VerifyDeleteSearchResults">
    <skipped/>
  </testcase> <!-- deleteSearchResultPageMiddlePageNavigation -->
</testsuite> <!-- Default test -->
