<?xml version="1.0" encoding="UTF-8"?>
<!-- Generated by org.testng.reporters.JUnitXMLReporter -->
<testsuite hostname="CMDABKAREEM" name="dashboardtests" tests="1" failures="0" timestamp="16 Nov 2016 05:34:04 GMT" time="0.054" errors="0">
  <testcase name="@BeforeClass initializeTest" time="0.0" classname="com.glance.dashboard.tests.VerifyAddElementWizard">
    <failure type="java.lang.NullPointerException">
      <![CDATA[java.lang.NullPointerException
	at com.glance.common.tests.BaseTest.initializeTest(BaseTest.java:95)
... Removed 25 stack frames]]>
    </failure>
  </testcase> <!-- @BeforeClass initializeTest -->
  <testcase name="verifyElementAddDB" time="0.001" classname="com.glance.dashboard.tests.VerifyAddElementWizard">
    <skipped/>
  </testcase> <!-- verifyElementAddDB -->
</testsuite> <!-- dashboardtests -->
